# JRE version: Java(TM) SE Runtime Environment (8.0_111-b14) (build 1.8.0_111-b14)
# Java VM: Java HotSpot(TM) 64-Bit Server VM (25.111-b14 mixed mode windows-amd64 compressed oops)
Heap:
 PSYoungGen      total 24064K, used 2239K [0x00000000e5800000, 0x00000000e7280000, 0x0000000100000000)
  eden space 20992K, 10% used [0x00000000e5800000,0x00000000e5a2fd40,0x00000000e6c80000)
  from space 3072K, 0% used [0x00000000e6c80000,0x00000000e6c80000,0x00000000e6f80000)
  to   space 3072K, 0% used [0x00000000e6f80000,0x00000000e6f80000,0x00000000e7280000)
 ParOldGen       total 40448K, used 1240K [0x00000000b0800000, 0x00000000b2f80000, 0x00000000e5800000)
  object space 40448K, 3% used [0x00000000b0800000,0x00000000b09360f8,0x00000000b2f80000)
 Metaspace       used 11436K, capacity 11620K, committed 11904K, reserved 1060864K
  class space    used 1517K, capacity 1605K, committed 1664K, reserved 1048576K
GC Heap History (4 events):
Event: 1.610 GC heap before
{Heap before GC invocations=1 (full 0):
 PSYoungGen      total 24064K, used 5038K [0x00000000e5800000, 0x00000000e7280000, 0x0000000100000000)
  eden space 20992K, 24% used [0x00000000e5800000,0x00000000e5cebbc8,0x00000000e6c80000)
  from space 3072K, 0% used [0x00000000e6f80000,0x00000000e6f80000,0x00000000e7280000)
  to   space 3072K, 0% used [0x00000000e6c80000,0x00000000e6c80000,0x00000000e6f80000)
 ParOldGen       total 54784K, used 0K [0x00000000b0800000, 0x00000000b3d80000, 0x00000000e5800000)
  object space 54784K, 0% used [0x00000000b0800000,0x00000000b0800000,0x00000000b3d80000)
 Metaspace       used 8063K, capacity 8220K, committed 8320K, reserved 1060864K
  class space    used 978K, capacity 1054K, committed 1152K, reserved 1048576K
Event: 1.618 GC heap after
Heap after GC invocations=1 (full 0):
 PSYoungGen      total 24064K, used 1312K [0x00000000e5800000, 0x00000000e7280000, 0x0000000100000000)
  eden space 20992K, 0% used [0x00000000e5800000,0x00000000e5800000,0x00000000e6c80000)
  from space 3072K, 42% used [0x00000000e6c80000,0x00000000e6dc8020,0x00000000e6f80000)
  to   space 3072K, 0% used [0x00000000e6f80000,0x00000000e6f80000,0x00000000e7280000)
 ParOldGen       total 54784K, used 8K [0x00000000b0800000, 0x00000000b3d80000, 0x00000000e5800000)
  object space 54784K, 0% used [0x00000000b0800000,0x00000000b0802000,0x00000000b3d80000)
 Metaspace       used 8063K, capacity 8220K, committed 8320K, reserved 1060864K
  class space    used 978K, capacity 1054K, committed 1152K, reserved 1048576K
}
Event: 1.618 GC heap before
{Heap before GC invocations=2 (full 1):
 PSYoungGen      total 24064K, used 1312K [0x00000000e5800000, 0x00000000e7280000, 0x0000000100000000)
  eden space 20992K, 0% used [0x00000000e5800000,0x00000000e5800000,0x00000000e6c80000)
  from space 3072K, 42% used [0x00000000e6c80000,0x00000000e6dc8020,0x00000000e6f80000)
  to   space 3072K, 0% used [0x00000000e6f80000,0x00000000e6f80000,0x00000000e7280000)
 ParOldGen       total 54784K, used 8K [0x00000000b0800000, 0x00000000b3d80000, 0x00000000e5800000)
  object space 54784K, 0% used [0x00000000b0800000,0x00000000b0802000,0x00000000b3d80000)
 Metaspace       used 8063K, capacity 8220K, committed 8320K, reserved 1060864K
  class space    used 978K, capacity 1054K, committed 1152K, reserved 1048576K
Event: 1.662 GC heap after
Heap after GC invocations=2 (full 1):
 PSYoungGen      total 24064K, used 0K [0x00000000e5800000, 0x00000000e7280000, 0x0000000100000000)
  eden space 20992K, 0% used [0x00000000e5800000,0x00000000e5800000,0x00000000e6c80000)
  from space 3072K, 0% used [0x00000000e6c80000,0x00000000e6c80000,0x00000000e6f80000)
  to   space 3072K, 0% used [0x00000000e6f80000,0x00000000e6f80000,0x00000000e7280000)
 ParOldGen       total 40448K, used 1240K [0x00000000b0800000, 0x00000000b2f80000, 0x00000000e5800000)
  object space 40448K, 3% used [0x00000000b0800000,0x00000000b09360f8,0x00000000b2f80000)
 Metaspace       used 8063K, capacity 8220K, committed 8320K, reserved 1058816K
  class space    used 978K, capacity 1054K, committed 1152K, reserved 1048576K
}

